<?xml version="1.0" encoding="UTF-8"?>
<!-- Generated by org.testng.reporters.JUnitXMLReporter -->
<testsuite ignored="0" hostname="DESKTOP-AI3DK3O" failures="0" tests="5" name="Test" time="34.945" errors="0" timestamp="2023-02-07T17:43:24 IST">
  <testcase classname="testcase.TestCase" name="Btestloginpage" time="0.875"/>
  <testcase classname="testcase.TestCase" name="Ctestbutton" time="6.938"/>
  <testcase classname="testcase.TestCase" name="Dresources" time="12.151"/>
  <testcase classname="testcase.TestCase" name="Environmentvaribale" time="6.385"/>
  <testcase classname="testcase.TestCase" name="termsandcondition" time="5.72"/>
</testsuite> <!-- Test -->
