<?xml version="1.0" encoding="UTF-8"?>
<testng-results ignored="0" total="5" passed="5" failed="0" skipped="0">
  <reporter-output>
  </reporter-output>
  <suite started-at="2023-02-07T17:42:49 IST" name="Suite" finished-at="2023-02-07T17:43:24 IST" duration-ms="34945">
    <groups>
    </groups>
    <test started-at="2023-02-07T17:42:49 IST" name="Test" finished-at="2023-02-07T17:43:24 IST" duration-ms="34945">
      <class name="testcase.TestCase">
        <test-method is-config="true" signature="Aobjects()[pri:0, instance:testcase.TestCase@63bde6c2]" started-at="2023-02-07T17:42:49 IST" name="Aobjects" finished-at="2023-02-07T17:42:51 IST" duration-ms="2423" status="PASS">
          <reporter-output>
          </reporter-output>
        </test-method> <!-- Aobjects -->
        <test-method signature="Btestloginpage()[pri:0, instance:testcase.TestCase@63bde6c2]" started-at="2023-02-07T17:42:51 IST" name="Btestloginpage" description="Login page" finished-at="2023-02-07T17:42:52 IST" duration-ms="875" status="PASS">
          <reporter-output>
          </reporter-output>
        </test-method> <!-- Btestloginpage -->
        <test-method signature="Ctestbutton()[pri:0, instance:testcase.TestCase@63bde6c2]" started-at="2023-02-07T17:42:52 IST" name="Ctestbutton" description="Clicking on main functionality" finished-at="2023-02-07T17:42:59 IST" duration-ms="6938" status="PASS">
          <reporter-output>
          </reporter-output>
        </test-method> <!-- Ctestbutton -->
        <test-method signature="Dresources()[pri:0, instance:testcase.TestCase@63bde6c2]" started-at="2023-02-07T17:42:59 IST" name="Dresources" description="Clicking on Resources" finished-at="2023-02-07T17:43:11 IST" duration-ms="12151" status="PASS">
          <reporter-output>
          </reporter-output>
        </test-method> <!-- Dresources -->
        <test-method signature="Environmentvaribale()[pri:0, instance:testcase.TestCase@63bde6c2]" started-at="2023-02-07T17:43:11 IST" name="Environmentvaribale" description="Clicking on Enivronment variable" finished-at="2023-02-07T17:43:18 IST" duration-ms="6385" status="PASS">
          <reporter-output>
          </reporter-output>
        </test-method> <!-- Environmentvaribale -->
        <test-method signature="termsandcondition()[pri:0, instance:testcase.TestCase@63bde6c2]" started-at="2023-02-07T17:43:18 IST" name="termsandcondition" description="terms_and_condition" finished-at="2023-02-07T17:43:23 IST" duration-ms="5720" status="PASS">
          <reporter-output>
          </reporter-output>
        </test-method> <!-- termsandcondition -->
        <test-method is-config="true" signature="teardown()[pri:0, instance:testcase.TestCase@63bde6c2]" started-at="2023-02-07T17:43:23 IST" name="teardown" finished-at="2023-02-07T17:43:24 IST" duration-ms="264" status="PASS">
          <reporter-output>
          </reporter-output>
        </test-method> <!-- teardown -->
      </class> <!-- testcase.TestCase -->
    </test> <!-- Test -->
  </suite> <!-- Suite -->
</testng-results>
